<?xml version="1.0" encoding="UTF-8"?>
<TestRun id="f2af1bf4-53f4-4bf3-917d-719b636f4e5f" name="pbrossard@PDBI7 2010-06-21 17:11:01" runUser="EKARIALLP\pbrossard" xmlns="http://microsoft.com/schemas/VisualStudio/TeamTest/2010">
  <TestSettings name="Default Test Settings" id="cd195847-cc57-4faf-9851-ff2cce5f27a9">
    <Deployment userDeploymentRoot="C:\cs493\src\site\SimpleStore\TestResults" useDefaultDeploymentRoot="false" runDeploymentRoot="pbrossard_PDBI7 2010-06-21 17_11_01">
      <DeploymentItem filename="C:\cs493\src\site\SimpleStore\lib\System.Data.SQLite.DLL" />
      <DeploymentItem filename="C:\cs493\src\site\SimpleStore\lib\Iesi.Collections.dll" />
      <DeploymentItem filename="C:\cs493\src\site\SimpleStore\lib\MvcContrib.TestHelper.dll" />
      <DeploymentItem filename="C:\cs493\src\site\SimpleStore\lib\SharpArch.dll" />
      <DeploymentItem filename="C:\cs493\src\site\SimpleStore\lib\NHibernate.dll" />
      <DeploymentItem filename="C:\cs493\src\site\SimpleStore\lib\Rhino.Mocks.dll" />
      <DeploymentItem filename="C:\cs493\src\site\SimpleStore\SimpleStore.Web\bin\SimpleStore.Web.dll" />
      <DeploymentItem filename="C:\cs493\src\site\SimpleStore\lib\log4net.dll" />
      <DeploymentItem filename="C:\cs493\src\site\SimpleStore\lib\FluentNHibernate.dll" />
      <DeploymentItem filename="C:\cs493\src\site\SimpleStore\lib\Castle.Core.dll" />
      <DeploymentItem filename="C:\cs493\src\site\SimpleStore\lib\NHibernate.Validator.dll" />
      <DeploymentItem filename="C:\cs493\src\site\SimpleStore\Simplestore.Data\bin\Debug\Simplestore.Data.dll" />
      <DeploymentItem filename="C:\cs493\src\site\SimpleStore\lib\NHibernate.ByteCode.Castle.dll" />
      <DeploymentItem filename="C:\cs493\src\site\SimpleStore\lib\Castle.DynamicProxy2.dll" />
      <DeploymentItem filename="C:\cs493\src\site\SimpleStore\lib\Newtonsoft.Json.dll" />
      <DeploymentItem filename="C:\cs493\src\site\SimpleStore\SimpleStore.Core\bin\Debug\SimpleStore.Core.dll" />
    </Deployment>
    <Execution>
      <TestTypeSpecific />
      <AgentRule name="Execution Agents">
      </AgentRule>
    </Execution>
  </TestSettings>
  <Times creation="2010-06-21T17:11:01.9239840-07:00" queuing="2010-06-21T17:11:02.0900060-07:00" start="2010-06-21T17:11:02.0948890-07:00" finish="2010-06-21T17:11:03.9680078-07:00" />
  <ResultSummary outcome="Failed">
    <Counters total="3" executed="3" passed="1" error="0" failed="2" timeout="0" aborted="0" inconclusive="0" passedButRunAborted="0" notRunnable="0" notExecuted="0" disconnected="0" warning="0" completed="0" inProgress="0" pending="0" />
    <RunInfos>
      <RunInfo computerName="PDBI7" outcome="Warning" timestamp="2010-06-21T17:11:02.0890294-07:00">
        <Text>Warning: Test Run deployment issue: The assembly or module 'Microsoft.Practices.ServiceLocation' directly or indirectly referenced by the test container 'c:\cs493\src\site\simplestore\simplestore.tests\bin\debug\simplestore.tests.dll' was not found.</Text>
      </RunInfo>
      <RunInfo computerName="PDBI7" outcome="Warning" timestamp="2010-06-21T17:11:02.0890294-07:00">
        <Text>Warning: Test Run deployment issue: The assembly or module 'Antlr3.Runtime' directly or indirectly referenced by the test container 'c:\cs493\src\site\simplestore\simplestore.tests\bin\debug\simplestore.tests.dll' was not found.</Text>
      </RunInfo>
      <RunInfo computerName="PDBI7" outcome="Warning" timestamp="2010-06-21T17:11:02.0890294-07:00">
        <Text>Warning: Test Run deployment issue: The assembly or module 'nunit.framework' directly or indirectly referenced by the test container 'c:\cs493\src\site\simplestore\simplestore.tests\bin\debug\simplestore.tests.dll' was not found.</Text>
      </RunInfo>
      <RunInfo computerName="PDBI7" outcome="Warning" timestamp="2010-06-21T17:11:02.0890294-07:00">
        <Text>Warning: Test Run deployment issue: The assembly or module 'Castle.MicroKernel' directly or indirectly referenced by the test container 'c:\cs493\src\site\simplestore\simplestore.tests\bin\debug\simplestore.tests.dll' was not found.</Text>
      </RunInfo>
      <RunInfo computerName="PDBI7" outcome="Warning" timestamp="2010-06-21T17:11:02.0890294-07:00">
        <Text>Warning: Test Run deployment issue: The assembly or module 'MvcContrib' directly or indirectly referenced by the test container 'c:\cs493\src\site\simplestore\simplestore.tests\bin\debug\simplestore.tests.dll' was not found.</Text>
      </RunInfo>
      <RunInfo computerName="PDBI7" outcome="Warning" timestamp="2010-06-21T17:11:02.0890294-07:00">
        <Text>Warning: Test Run deployment issue: The assembly or module 'Castle.Windsor' directly or indirectly referenced by the test container 'c:\cs493\src\site\simplestore\simplestore.tests\bin\debug\simplestore.tests.dll' was not found.</Text>
      </RunInfo>
      <RunInfo computerName="PDBI7" outcome="Warning" timestamp="2010-06-21T17:11:02.0890294-07:00">
        <Text>Warning: Test Run deployment issue: The assembly or module 'Microsoft.Web.Mvc' directly or indirectly referenced by the test container 'c:\cs493\src\site\simplestore\simplestore.tests\bin\debug\simplestore.tests.dll' was not found.</Text>
      </RunInfo>
      <RunInfo computerName="PDBI7" outcome="Warning" timestamp="2010-06-21T17:11:02.0890294-07:00">
        <Text>Warning: Test Run deployment issue: The assembly or module 'MbUnit' directly or indirectly referenced by the test container 'c:\cs493\src\site\simplestore\simplestore.tests\bin\debug\simplestore.tests.dll' was not found.</Text>
      </RunInfo>
    </RunInfos>
  </ResultSummary>
  <TestDefinitions>
    <UnitTest name="CanListFilteredSites" storage="c:\cs493\src\site\simplestore\simplestore.tests\bin\debug\simplestore.tests.dll" id="ed9ac82d-8ad9-b101-7e6c-c4f1fc09839d">
      <Execution id="c23caaaa-28bb-44d4-b257-bfde51ee9d05" />
      <TestMethod codeBase="C:/cs493/src/site/SimpleStore/SimpleStore.Tests/bin/Debug/SimpleStore.Tests.DLL" adapterTypeName="Microsoft.VisualStudio.TestTools.TestTypes.Unit.UnitTestAdapter, Microsoft.VisualStudio.QualityTools.Tips.UnitTest.Adapter, Version=10.0.0.0, Culture=neutral, PublicKeyToken=b03f5f7f11d50a3a" className="SimpleStore.Tests.Controllers.SiteControllerTests, SimpleStore.Tests, Version=1.0.0.0, Culture=neutral, PublicKeyToken=null" name="CanListFilteredSites" />
    </UnitTest>
    <UnitTest name="CanConfirmDatabaseMatchesMappings" storage="c:\cs493\src\site\simplestore\simplestore.tests\bin\debug\simplestore.tests.dll" id="d317ab12-5745-9585-6d77-28c64424bcd9">
      <Execution id="ca65757e-72c2-41a6-817c-6c324dd7a1a6" />
      <TestMethod codeBase="C:/cs493/src/site/SimpleStore/SimpleStore.Tests/bin/Debug/SimpleStore.Tests.DLL" adapterTypeName="Microsoft.VisualStudio.TestTools.TestTypes.Unit.UnitTestAdapter, Microsoft.VisualStudio.QualityTools.Tips.UnitTest.Adapter, Version=10.0.0.0, Culture=neutral, PublicKeyToken=b03f5f7f11d50a3a" className="SimpleStore.Tests.Data.MappingIntegrationTests, SimpleStore.Tests, Version=1.0.0.0, Culture=neutral, PublicKeyToken=null" name="CanConfirmDatabaseMatchesMappings" />
    </UnitTest>
    <UnitTest name="CannotCreateSiteWithInvalidSiteId" storage="c:\cs493\src\site\simplestore\simplestore.tests\bin\debug\simplestore.tests.dll" id="502af5dd-883a-70d9-9273-4122ca4e80a4">
      <Execution id="efcb3e4e-9ea1-4fc4-adb6-4633770f1430" />
      <TestMethod codeBase="C:/cs493/src/site/SimpleStore/SimpleStore.Tests/bin/Debug/SimpleStore.Tests.DLL" adapterTypeName="Microsoft.VisualStudio.TestTools.TestTypes.Unit.UnitTestAdapter, Microsoft.VisualStudio.QualityTools.Tips.UnitTest.Adapter, Version=10.0.0.0, Culture=neutral, PublicKeyToken=b03f5f7f11d50a3a" className="SimpleStore.Tests.Core.SiteTests, SimpleStore.Tests, Version=1.0.0.0, Culture=neutral, PublicKeyToken=null" name="CannotCreateSiteWithInvalidSiteId" />
    </UnitTest>
  </TestDefinitions>
  <TestLists>
    <TestList name="Results Not in a List" id="8c84fa94-04c1-424b-9868-57a2d4851a1d" />
    <TestList name="All Loaded Results" id="19431567-8539-422a-85d7-44ee4e166bda" />
  </TestLists>
  <TestEntries>
    <TestEntry testId="d317ab12-5745-9585-6d77-28c64424bcd9" executionId="ca65757e-72c2-41a6-817c-6c324dd7a1a6" testListId="8c84fa94-04c1-424b-9868-57a2d4851a1d" />
    <TestEntry testId="ed9ac82d-8ad9-b101-7e6c-c4f1fc09839d" executionId="c23caaaa-28bb-44d4-b257-bfde51ee9d05" testListId="8c84fa94-04c1-424b-9868-57a2d4851a1d" />
    <TestEntry testId="502af5dd-883a-70d9-9273-4122ca4e80a4" executionId="efcb3e4e-9ea1-4fc4-adb6-4633770f1430" testListId="8c84fa94-04c1-424b-9868-57a2d4851a1d" />
  </TestEntries>
  <Results>
    <UnitTestResult executionId="ca65757e-72c2-41a6-817c-6c324dd7a1a6" testId="d317ab12-5745-9585-6d77-28c64424bcd9" testName="CanConfirmDatabaseMatchesMappings" computerName="PDBI7" duration="00:00:01.3866165" startTime="2010-06-21T17:11:02.0978188-07:00" endTime="2010-06-21T17:11:03.6506128-07:00" testType="13cdc9d9-ddb5-4fa4-a97d-d965ccfc6d4b" outcome="Passed" testListId="8c84fa94-04c1-424b-9868-57a2d4851a1d" relativeResultsDirectory="ca65757e-72c2-41a6-817c-6c324dd7a1a6">
    </UnitTestResult>
    <UnitTestResult executionId="c23caaaa-28bb-44d4-b257-bfde51ee9d05" testId="ed9ac82d-8ad9-b101-7e6c-c4f1fc09839d" testName="CanListFilteredSites" computerName="PDBI7" duration="00:00:00.1530384" startTime="2010-06-21T17:11:03.6535426-07:00" endTime="2010-06-21T17:11:03.8097986-07:00" testType="13cdc9d9-ddb5-4fa4-a97d-d965ccfc6d4b" outcome="Failed" testListId="8c84fa94-04c1-424b-9868-57a2d4851a1d" relativeResultsDirectory="c23caaaa-28bb-44d4-b257-bfde51ee9d05">
      <Output>
        <ErrorInfo>
          <Message>Assert.AreEqual failed. Expected:&lt;4&gt;. Actual:&lt;3&gt;. </Message>
          <StackTrace>   at SimpleStore.Tests.Controllers.SiteControllerTests.CanListFilteredSites() in C:\cs493\src\site\SimpleStore\SimpleStore.Tests\Controllers\SiteControllerTests.cs:line 82
</StackTrace>
        </ErrorInfo>
      </Output>
    </UnitTestResult>
    <UnitTestResult executionId="efcb3e4e-9ea1-4fc4-adb6-4633770f1430" testId="502af5dd-883a-70d9-9273-4122ca4e80a4" testName="CannotCreateSiteWithInvalidSiteId" computerName="PDBI7" duration="00:00:00.0009233" startTime="2010-06-21T17:11:03.8117518-07:00" endTime="2010-06-21T17:11:03.8166348-07:00" testType="13cdc9d9-ddb5-4fa4-a97d-d965ccfc6d4b" outcome="Failed" testListId="8c84fa94-04c1-424b-9868-57a2d4851a1d" relativeResultsDirectory="efcb3e4e-9ea1-4fc4-adb6-4633770f1430">
      <Output>
        <ErrorInfo>
          <Message>Test method SimpleStore.Tests.Core.SiteTests.CannotCreateSiteWithInvalidSiteId did not throw expected exception SharpArch.Core.PreconditionException.</Message>
        </ErrorInfo>
      </Output>
    </UnitTestResult>
  </Results>
</TestRun>